{"uuid":"ab26e12b-a5b8-4698-82f6-f7c228d78a66","historyId":"96efce1db5afefff974b641d8db173b5","fullName":"Automate the DemoWebShop: User is able to Add the Product to Cart and Verify it","labels":[{"name":"tag","value":"AddToCart"},{"name":"host","value":"QT-INBG-LT0454"},{"name":"thread","value":"11124@QT-INBG-LT0454.main(1)"},{"name":"feature","value":"Automate the DemoWebShop"},{"name":"story","value":"User is able to Add the Product to Cart and Verify it"},{"name":"suite","value":"Automate the DemoWebShop"},{"name":"testClass","value":"User is able to Add the Product to Cart and Verify it"},{"name":"framework","value":"cucumber5jvm"},{"name":"language","value":"java"},{"name":"gherkin_uri","value":"file:///C:/Users/gowtham.n/IdeaProjects/Automation_Revision/src/test/java/featureFile/DemoWenShop.feature"},{"name":"package","value":"src.test.java.featureFile.DemoWenShop_feature.Automate the DemoWebShop"}],"links":[],"name":"User is able to Add the Product to Cart and Verify it","status":"broken","statusDetails":{"known":false,"muted":false,"flaky":false,"message":"element not interactable\n  (Session info: chrome=116.0.5845.111)\nBuild info: version: '4.7.0', revision: '0a5b49d16f'\nSystem info: os.name: 'Windows 11', os.arch: 'amd64', os.version: '10.0', java.version: '17.0.7'\nDriver info: org.openqa.selenium.chrome.ChromeDriver\nCommand: [aaa417e95eb5de18a67271f839bee1ab, clickElement {id=5C3AE40352675A7A4B7493AEC4A46727_element_158}]\nCapabilities {acceptInsecureCerts: false, browserName: chrome, browserVersion: 116.0.5845.111, chrome: {chromedriverVersion: 116.0.5845.96 (1a3918166880..., userDataDir: C:\\Users\\gowtham.n\\AppData\\...}, fedcm:accounts: true, goog:chromeOptions: {debuggerAddress: localhost:49734}, networkConnectionEnabled: false, pageLoadStrategy: normal, platformName: WINDOWS, proxy: Proxy(), se:cdp: ws://localhost:49734/devtoo..., se:cdpVersion: 116.0.5845.111, setWindowRect: true, strictFileInteractability: false, timeouts: {implicit: 0, pageLoad: 300000, script: 30000}, unhandledPromptBehavior: dismiss and notify, webauthn:extension:credBlob: true, webauthn:extension:largeBlob: true, webauthn:extension:minPinLength: true, webauthn:extension:prf: true, webauthn:virtualAuthenticators: true}\nElement: [[ChromeDriver: chrome on WINDOWS (aaa417e95eb5de18a67271f839bee1ab)] -> xpath: //h2[text()='Shipping address']/../..//input[@value='Continue']]\nSession ID: aaa417e95eb5de18a67271f839bee1ab","trace":"org.openqa.selenium.ElementNotInteractableException: element not interactable\n  (Session info: chrome=116.0.5845.111)\nBuild info: version: '4.7.0', revision: '0a5b49d16f'\nSystem info: os.name: 'Windows 11', os.arch: 'amd64', os.version: '10.0', java.version: '17.0.7'\nDriver info: org.openqa.selenium.chrome.ChromeDriver\nCommand: [aaa417e95eb5de18a67271f839bee1ab, clickElement {id=5C3AE40352675A7A4B7493AEC4A46727_element_158}]\nCapabilities {acceptInsecureCerts: false, browserName: chrome, browserVersion: 116.0.5845.111, chrome: {chromedriverVersion: 116.0.5845.96 (1a3918166880..., userDataDir: C:\\Users\\gowtham.n\\AppData\\...}, fedcm:accounts: true, goog:chromeOptions: {debuggerAddress: localhost:49734}, networkConnectionEnabled: false, pageLoadStrategy: normal, platformName: WINDOWS, proxy: Proxy(), se:cdp: ws://localhost:49734/devtoo..., se:cdpVersion: 116.0.5845.111, setWindowRect: true, strictFileInteractability: false, timeouts: {implicit: 0, pageLoad: 300000, script: 30000}, unhandledPromptBehavior: dismiss and notify, webauthn:extension:credBlob: true, webauthn:extension:largeBlob: true, webauthn:extension:minPinLength: true, webauthn:extension:prf: true, webauthn:virtualAuthenticators: true}\nElement: [[ChromeDriver: chrome on WINDOWS (aaa417e95eb5de18a67271f839bee1ab)] -> xpath: //h2[text()='Shipping address']/../..//input[@value='Continue']]\nSession ID: aaa417e95eb5de18a67271f839bee1ab\r\n\tat java.base/jdk.internal.reflect.NativeConstructorAccessorImpl.newInstance0(Native Method)\r\n\tat java.base/jdk.internal.reflect.NativeConstructorAccessorImpl.newInstance(NativeConstructorAccessorImpl.java:77)\r\n\tat java.base/jdk.internal.reflect.DelegatingConstructorAccessorImpl.newInstance(DelegatingConstructorAccessorImpl.java:45)\r\n\tat java.base/java.lang.reflect.Constructor.newInstanceWithCaller(Constructor.java:499)\r\n\tat java.base/java.lang.reflect.Constructor.newInstance(Constructor.java:480)\r\n\tat org.openqa.selenium.remote.codec.w3c.W3CHttpResponseCodec.createException(W3CHttpResponseCodec.java:200)\r\n\tat org.openqa.selenium.remote.codec.w3c.W3CHttpResponseCodec.decode(W3CHttpResponseCodec.java:133)\r\n\tat org.openqa.selenium.remote.codec.w3c.W3CHttpResponseCodec.decode(W3CHttpResponseCodec.java:53)\r\n\tat org.openqa.selenium.remote.HttpCommandExecutor.execute(HttpCommandExecutor.java:184)\r\n\tat org.openqa.selenium.remote.service.DriverCommandExecutor.invokeExecute(DriverCommandExecutor.java:167)\r\n\tat org.openqa.selenium.remote.service.DriverCommandExecutor.execute(DriverCommandExecutor.java:142)\r\n\tat org.openqa.selenium.remote.RemoteWebDriver.execute(RemoteWebDriver.java:541)\r\n\tat org.openqa.selenium.remote.RemoteWebElement.execute(RemoteWebElement.java:257)\r\n\tat org.openqa.selenium.remote.RemoteWebElement.click(RemoteWebElement.java:78)\r\n\tat Utilities.SeleniumCommands.ClickXpath(SeleniumCommands.java:33)\r\n\tat pageObjects.CheckOutProcess.shippingAddress(CheckOutProcess.java:23)\r\n\tat pageObjects.CheckOutProcess.checkoutprocess(CheckOutProcess.java:56)\r\n\tat stepDefination.Stepdefination.user_is_going_through_CheckoutProcess(Stepdefination.java:89)\r\n\tat ✽.user is going through CheckoutProcess(file:///C:/Users/gowtham.n/IdeaProjects/Automation_Revision/src/test/java/featureFile/DemoWenShop.feature:34)\r\n"},"stage":"finished","steps":[{"name":"Given  User launch the Application","status":"passed","statusDetails":{"known":false,"muted":false,"flaky":false},"stage":"finished","steps":[],"attachments":[],"parameters":[],"start":1693400602425,"stop":1693400610382},{"name":"When  User is select \"Computers\" from \"Desktops\" select the \"Build your own computer\"","status":"passed","statusDetails":{"known":false,"muted":false,"flaky":false},"stage":"finished","steps":[],"attachments":[],"parameters":[],"start":1693400610383,"stop":1693400614617},{"name":"And  applying the Filtersfrom DropDowns \"Processor\" \"2.2 GHz Intel\" and \"RAM\" \"8GB\"","status":"passed","statusDetails":{"known":false,"muted":false,"flaky":false},"stage":"finished","steps":[],"attachments":[],"parameters":[],"start":1693400614625,"stop":1693400616850},{"name":"And  user is apply's the Filters Click on AddtoCart","status":"passed","statusDetails":{"known":false,"muted":false,"flaky":false},"stage":"finished","steps":[],"attachments":[{"name":"Data table","source":"5029401b-5395-450c-9642-33002e8e40cf-attachment.csv","type":"text/tab-separated-values"}],"parameters":[],"start":1693400616850,"stop":1693400617496},{"name":"And  user is going through CheckoutProcess","status":"broken","statusDetails":{"known":false,"muted":false,"flaky":false,"message":"element not interactable\n  (Session info: chrome=116.0.5845.111)\nBuild info: version: '4.7.0', revision: '0a5b49d16f'\nSystem info: os.name: 'Windows 11', os.arch: 'amd64', os.version: '10.0', java.version: '17.0.7'\nDriver info: org.openqa.selenium.chrome.ChromeDriver\nCommand: [aaa417e95eb5de18a67271f839bee1ab, clickElement {id=5C3AE40352675A7A4B7493AEC4A46727_element_158}]\nCapabilities {acceptInsecureCerts: false, browserName: chrome, browserVersion: 116.0.5845.111, chrome: {chromedriverVersion: 116.0.5845.96 (1a3918166880..., userDataDir: C:\\Users\\gowtham.n\\AppData\\...}, fedcm:accounts: true, goog:chromeOptions: {debuggerAddress: localhost:49734}, networkConnectionEnabled: false, pageLoadStrategy: normal, platformName: WINDOWS, proxy: Proxy(), se:cdp: ws://localhost:49734/devtoo..., se:cdpVersion: 116.0.5845.111, setWindowRect: true, strictFileInteractability: false, timeouts: {implicit: 0, pageLoad: 300000, script: 30000}, unhandledPromptBehavior: dismiss and notify, webauthn:extension:credBlob: true, webauthn:extension:largeBlob: true, webauthn:extension:minPinLength: true, webauthn:extension:prf: true, webauthn:virtualAuthenticators: true}\nElement: [[ChromeDriver: chrome on WINDOWS (aaa417e95eb5de18a67271f839bee1ab)] -> xpath: //h2[text()='Shipping address']/../..//input[@value='Continue']]\nSession ID: aaa417e95eb5de18a67271f839bee1ab","trace":"org.openqa.selenium.ElementNotInteractableException: element not interactable\n  (Session info: chrome=116.0.5845.111)\nBuild info: version: '4.7.0', revision: '0a5b49d16f'\nSystem info: os.name: 'Windows 11', os.arch: 'amd64', os.version: '10.0', java.version: '17.0.7'\nDriver info: org.openqa.selenium.chrome.ChromeDriver\nCommand: [aaa417e95eb5de18a67271f839bee1ab, clickElement {id=5C3AE40352675A7A4B7493AEC4A46727_element_158}]\nCapabilities {acceptInsecureCerts: false, browserName: chrome, browserVersion: 116.0.5845.111, chrome: {chromedriverVersion: 116.0.5845.96 (1a3918166880..., userDataDir: C:\\Users\\gowtham.n\\AppData\\...}, fedcm:accounts: true, goog:chromeOptions: {debuggerAddress: localhost:49734}, networkConnectionEnabled: false, pageLoadStrategy: normal, platformName: WINDOWS, proxy: Proxy(), se:cdp: ws://localhost:49734/devtoo..., se:cdpVersion: 116.0.5845.111, setWindowRect: true, strictFileInteractability: false, timeouts: {implicit: 0, pageLoad: 300000, script: 30000}, unhandledPromptBehavior: dismiss and notify, webauthn:extension:credBlob: true, webauthn:extension:largeBlob: true, webauthn:extension:minPinLength: true, webauthn:extension:prf: true, webauthn:virtualAuthenticators: true}\nElement: [[ChromeDriver: chrome on WINDOWS (aaa417e95eb5de18a67271f839bee1ab)] -> xpath: //h2[text()='Shipping address']/../..//input[@value='Continue']]\nSession ID: aaa417e95eb5de18a67271f839bee1ab\r\n\tat java.base/jdk.internal.reflect.NativeConstructorAccessorImpl.newInstance0(Native Method)\r\n\tat java.base/jdk.internal.reflect.NativeConstructorAccessorImpl.newInstance(NativeConstructorAccessorImpl.java:77)\r\n\tat java.base/jdk.internal.reflect.DelegatingConstructorAccessorImpl.newInstance(DelegatingConstructorAccessorImpl.java:45)\r\n\tat java.base/java.lang.reflect.Constructor.newInstanceWithCaller(Constructor.java:499)\r\n\tat java.base/java.lang.reflect.Constructor.newInstance(Constructor.java:480)\r\n\tat org.openqa.selenium.remote.codec.w3c.W3CHttpResponseCodec.createException(W3CHttpResponseCodec.java:200)\r\n\tat org.openqa.selenium.remote.codec.w3c.W3CHttpResponseCodec.decode(W3CHttpResponseCodec.java:133)\r\n\tat org.openqa.selenium.remote.codec.w3c.W3CHttpResponseCodec.decode(W3CHttpResponseCodec.java:53)\r\n\tat org.openqa.selenium.remote.HttpCommandExecutor.execute(HttpCommandExecutor.java:184)\r\n\tat org.openqa.selenium.remote.service.DriverCommandExecutor.invokeExecute(DriverCommandExecutor.java:167)\r\n\tat org.openqa.selenium.remote.service.DriverCommandExecutor.execute(DriverCommandExecutor.java:142)\r\n\tat org.openqa.selenium.remote.RemoteWebDriver.execute(RemoteWebDriver.java:541)\r\n\tat org.openqa.selenium.remote.RemoteWebElement.execute(RemoteWebElement.java:257)\r\n\tat org.openqa.selenium.remote.RemoteWebElement.click(RemoteWebElement.java:78)\r\n\tat Utilities.SeleniumCommands.ClickXpath(SeleniumCommands.java:33)\r\n\tat pageObjects.CheckOutProcess.shippingAddress(CheckOutProcess.java:23)\r\n\tat pageObjects.CheckOutProcess.checkoutprocess(CheckOutProcess.java:56)\r\n\tat stepDefination.Stepdefination.user_is_going_through_CheckoutProcess(Stepdefination.java:89)\r\n\tat ✽.user is going through CheckoutProcess(file:///C:/Users/gowtham.n/IdeaProjects/Automation_Revision/src/test/java/featureFile/DemoWenShop.feature:34)\r\n"},"stage":"finished","steps":[],"attachments":[],"parameters":[],"start":1693400617496,"stop":1693400623956},{"name":"Then  Verify Order Confirm","status":"skipped","statusDetails":{"known":false,"muted":false,"flaky":false},"stage":"finished","steps":[],"attachments":[],"parameters":[],"start":1693400623956,"stop":1693400623956},{"name":"And  Close the Application.","status":"skipped","statusDetails":{"known":false,"muted":false,"flaky":false},"stage":"finished","steps":[],"attachments":[],"parameters":[],"start":1693400623956,"stop":1693400623956}],"attachments":[],"parameters":[{"name":"MainCategorie","value":"Computers"},{"name":"Product","value":"Desktops"},{"name":"Item","value":"Build your own computer"},{"name":"FilterName1","value":"Processor"},{"name":"FilterValue1","value":"2.2 GHz Intel"},{"name":"FilterName2","value":"RAM"},{"name":"FilterValue2","value":"8GB"},{"name":"FilterName3","value":"HDD"},{"name":"FilterValue3","value":"400 GB  [+100.00]"},{"name":"FilterName4","value":"OS"},{"name":"FilterValue4","value":"Windows 10  [+60.00]"},{"name":"FilterName5","value":"Software"},{"name":"FilterValue5","value":"Acrobat Reader  [+10.00]"}],"start":1693400602424,"stop":1693400623956}